<?xml version="1.0" encoding="utf-8"?><testsuites name="pytest tests"><testsuite name="pytest" errors="0" failures="0" skipped="0" tests="15" time="3.506" timestamp="2026-05-09T15:35:07.028986+00:00" hostname="agent-env-3dc0016f-1d12-497a-888c-8e26bbe4d49f"><testcase classname="backend.tests.test_auth_bugfix.TestLogin" name="test_admin_login_returns_200_with_token" time="0.529" /><testcase classname="backend.tests.test_auth_bugfix.TestLogin" name="test_wrong_password_returns_401" time="0.375" /><testcase classname="backend.tests.test_auth_bugfix.TestLogin" name="test_wrong_email_returns_401" time="0.118" /><testcase classname="backend.tests.test_auth_bugfix.TestLogin" name="test_missing_fields_returns_4xx" time="0.137" /><testcase classname="backend.tests.test_auth_bugfix.TestGetMe" name="test_valid_token_returns_200_with_user" time="0.515" /><testcase classname="backend.tests.test_auth_bugfix.TestGetMe" name="test_invalid_token_returns_401_not_500" time="0.114" /><testcase classname="backend.tests.test_auth_bugfix.TestGetMe" name="test_expired_token_returns_401" time="0.166" /><testcase classname="backend.tests.test_auth_bugfix.TestGetMe" name="test_no_auth_header_returns_401" time="0.143" /><testcase classname="backend.tests.test_auth_bugfix.TestRegularUserFlow" name="test_register_returns_200_with_token" time="0.336" /><testcase classname="backend.tests.test_auth_bugfix.TestRegularUserFlow" name="test_login_regular_user_returns_200" time="0.337" /><testcase classname="backend.tests.test_auth_bugfix.TestRegularUserFlow" name="test_regular_user_me_returns_200" time="0.144" /><testcase classname="backend.tests.test_auth_bugfix.TestWebhookRegression" name="test_webhook_accepts_valid_secret" time="0.160" /><testcase classname="backend.tests.test_auth_bugfix.TestWebhookRegression" name="test_webhook_rejects_missing_secret" time="0.111" /><testcase classname="backend.tests.test_auth_bugfix.TestSentimentRegression" name="test_ai_sentiment_valid_token_returns_200" time="0.109" /><testcase classname="backend.tests.test_auth_bugfix.TestSentimentRegression" name="test_ai_sentiment_requires_auth" time="0.176" /></testsuite></testsuites>