<?xml version="1.0" encoding="utf-8"?><testsuites name="pytest tests"><testsuite name="pytest" errors="0" failures="0" skipped="0" tests="21" time="4.729" timestamp="2026-03-12T14:02:40.624318+00:00" hostname="agent-env-6dfb0116-9f99-42f9-af7a-8bd2095234ca"><testcase classname="tests.test_backend_apis.TestAuth" name="test_01_register_new_user" time="0.544" /><testcase classname="tests.test_backend_apis.TestAuth" name="test_02_register_duplicate_email_fails" time="0.139" /><testcase classname="tests.test_backend_apis.TestAuth" name="test_03_login_with_valid_credentials" time="0.392" /><testcase classname="tests.test_backend_apis.TestAuth" name="test_04_login_with_invalid_credentials" time="0.375" /><testcase classname="tests.test_backend_apis.TestAuth" name="test_05_get_current_user" time="0.581" /><testcase classname="tests.test_backend_apis.TestAuth" name="test_06_auth_me_without_token_fails" time="0.127" /><testcase classname="tests.test_backend_apis.TestMarketData" name="test_01_get_all_quotes" time="0.126" /><testcase classname="tests.test_backend_apis.TestMarketData" name="test_02_get_single_quote" time="0.148" /><testcase classname="tests.test_backend_apis.TestMarketData" name="test_03_get_quote_invalid_symbol" time="0.109" /><testcase classname="tests.test_backend_apis.TestMarketData" name="test_04_get_candles" time="0.163" /><testcase classname="tests.test_backend_apis.TestMarketData" name="test_05_quotes_require_auth" time="0.136" /><testcase classname="tests.test_backend_apis.TestNews" name="test_01_get_news_articles" time="0.134" /><testcase classname="tests.test_backend_apis.TestAlerts" name="test_01_get_alerts" time="0.160" /><testcase classname="tests.test_backend_apis.TestAlerts" name="test_02_create_alert_as_admin" time="0.218" /><testcase classname="tests.test_backend_apis.TestAlerts" name="test_03_webhook_alert" time="0.149" /><testcase classname="tests.test_backend_apis.TestChat" name="test_01_get_channels" time="0.127" /><testcase classname="tests.test_backend_apis.TestChat" name="test_02_send_and_retrieve_message" time="0.258" /><testcase classname="tests.test_backend_apis.TestAdmin" name="test_01_get_admin_stats" time="0.121" /><testcase classname="tests.test_backend_apis.TestAdmin" name="test_02_get_all_users" time="0.138" /><testcase classname="tests.test_backend_apis.TestAdmin" name="test_03_admin_broadcast_alert" time="0.105" /><testcase classname="tests.test_backend_apis.TestAdmin" name="test_04_admin_endpoints_require_admin_role" time="0.417" /></testsuite></testsuites>