<?xml version="1.0" encoding="utf-8"?><testsuites name="pytest tests"><testsuite name="pytest" errors="0" failures="0" skipped="0" tests="13" time="2.578" timestamp="2026-05-09T15:47:20.199532+00:00" hostname="agent-env-3dc0016f-1d12-497a-888c-8e26bbe4d49f"><testcase classname="backend.tests.test_cache_endpoints.TestAuth" name="test_login_returns_200_and_token" time="0.461" /><testcase classname="backend.tests.test_cache_endpoints.TestAuth" name="test_bad_password_returns_401" time="0.273" /><testcase classname="backend.tests.test_cache_endpoints.TestAuth" name="test_bad_email_returns_401" time="0.045" /><testcase classname="backend.tests.test_cache_endpoints.TestNDX" name="test_ndx_returns_200" time="1.029" /><testcase classname="backend.tests.test_cache_endpoints.TestNDX" name="test_ndx_no_auth_still_returns_200" time="0.049" /><testcase classname="backend.tests.test_cache_endpoints.TestQuoteMulti" name="test_quote_multi_with_symbols" time="0.204" /><testcase classname="backend.tests.test_cache_endpoints.TestQuoteMulti" name="test_quote_multi_empty_symbols" time="0.049" /><testcase classname="backend.tests.test_cache_endpoints.TestAlerts" name="test_alerts_returns_200" time="0.081" /><testcase classname="backend.tests.test_cache_endpoints.TestAlerts" name="test_alerts_requires_auth" time="0.043" /><testcase classname="backend.tests.test_cache_endpoints.TestAISentiment" name="test_ai_sentiment_returns_200" time="0.047" /><testcase classname="backend.tests.test_cache_endpoints.TestAISentiment" name="test_ai_sentiment_requires_auth" time="0.048" /><testcase classname="backend.tests.test_cache_endpoints.TestPreflight" name="test_preflight_returns_200" time="0.181" /><testcase classname="backend.tests.test_cache_endpoints.TestPreflight" name="test_preflight_requires_auth" time="0.048" /></testsuite></testsuites>