<?xml version="1.0" encoding="utf-8"?><testsuites name="pytest tests"><testsuite name="pytest" errors="0" failures="0" skipped="0" tests="8" time="4.087" timestamp="2026-05-09T16:47:19.435589+00:00" hostname="agent-env-3dc0016f-1d12-497a-888c-8e26bbe4d49f"><testcase classname="backend.tests.test_remember_me_and_reclassify.TestRememberMeTokenExpiry" name="test_no_remember_me_returns_7day_token" time="0.483" /><testcase classname="backend.tests.test_remember_me_and_reclassify.TestRememberMeTokenExpiry" name="test_remember_me_true_returns_90day_token" time="0.364" /><testcase classname="backend.tests.test_remember_me_and_reclassify.TestRememberMeTokenExpiry" name="test_remember_me_default_is_false" time="0.332" /><testcase classname="backend.tests.test_remember_me_and_reclassify.TestRememberMeTokenExpiry" name="test_remember_me_7day_less_than_90day" time="0.694" /><testcase classname="backend.tests.test_remember_me_and_reclassify.TestAdminReclassifyByNdxClose" name="test_reclassify_requires_auth" time="0.122" /><testcase classname="backend.tests.test_remember_me_and_reclassify.TestAdminReclassifyByNdxClose" name="test_reclassify_with_admin_token_succeeds" time="1.205" /><testcase classname="backend.tests.test_remember_me_and_reclassify.TestAdminReclassifyByNdxClose" name="test_reclassify_response_has_message_or_counts" time="0.318" /><testcase classname="backend.tests.test_remember_me_and_reclassify.TestAdminReclassifyByNdxClose" name="test_regular_user_cannot_reclassify" time="0.543" /></testsuite></testsuites>