<?xml version="1.0" encoding="utf-8"?><testsuites name="pytest tests"><testsuite name="pytest" errors="0" failures="0" skipped="0" tests="15" time="14.781" timestamp="2026-05-09T14:53:33.409758+00:00" hostname="agent-env-3dc0016f-1d12-497a-888c-8e26bbe4d49f"><testcase classname="backend.tests.test_webhook_sentiment_fixes.TestLogin" name="test_login_with_correct_admin_credentials" time="0.447" /><testcase classname="backend.tests.test_webhook_sentiment_fixes.TestLogin" name="test_login_with_wrong_password_returns_401" time="0.378" /><testcase classname="backend.tests.test_webhook_sentiment_fixes.TestWebhookKeywordDetection" name="test_winner_ndx_calls_closed_produces_bullish" time="0.663" /><testcase classname="backend.tests.test_webhook_sentiment_fixes.TestWebhookKeywordDetection" name="test_loser_spy_puts_breakdown_produces_bearish" time="0.228" /><testcase classname="backend.tests.test_webhook_sentiment_fixes.TestWebhookKeywordDetection" name="test_buy_signal_at_support_produces_bullish" time="0.249" /><testcase classname="backend.tests.test_webhook_sentiment_fixes.TestWebhookKeywordDetection" name="test_ndx_19500_no_keywords_produces_signal" time="0.253" /><testcase classname="backend.tests.test_webhook_sentiment_fixes.TestWebhookKeywordDetection" name="test_webhook_forbidden_without_secret" time="0.117" /><testcase classname="backend.tests.test_webhook_sentiment_fixes.TestWebhookKeywordDetection" name="test_alerts_feed_contains_webhook_alerts" time="0.237" /><testcase classname="backend.tests.test_webhook_sentiment_fixes.TestAdminRefreshSentiment" name="test_refresh_sentiment_returns_200_with_mode" time="11.130" /><testcase classname="backend.tests.test_webhook_sentiment_fixes.TestAdminRefreshSentiment" name="test_refresh_sentiment_requires_admin_auth" time="0.145" /><testcase classname="backend.tests.test_webhook_sentiment_fixes.TestAdminRefreshSentiment" name="test_refresh_sentiment_rejects_non_admin" time="0.456" /><testcase classname="backend.tests.test_webhook_sentiment_fixes.TestAiSentiment" name="test_get_ai_sentiment_returns_200" time="0.116" /><testcase classname="backend.tests.test_webhook_sentiment_fixes.TestAiSentiment" name="test_get_ai_sentiment_has_mode_field" time="0.103" /><testcase classname="backend.tests.test_webhook_sentiment_fixes.TestAiSentiment" name="test_get_ai_sentiment_has_sentiment_field" time="0.113" /><testcase classname="backend.tests.test_webhook_sentiment_fixes.TestAiSentiment" name="test_get_ai_sentiment_requires_auth" time="0.115" /></testsuite></testsuites>